\BOOKMARK [0][-]{chapter.1}{\376\377\0001\000\040\000g\000r\000a\000n\000d\000-\000d\000a\000q\000-\000m\000a\000s\000t\000e\000r}{}% 1
\BOOKMARK [0][-]{chapter.2}{\376\377\0002\000\040\000D\000a\000t\000a\000\040\000S\000t\000r\000u\000c\000t\000u\000r\000e\000\040\000I\000n\000d\000e\000x}{}% 2
\BOOKMARK [1][-]{section.2.1}{\376\377\0002\000.\0001\000\040\000D\000a\000t\000a\000\040\000S\000t\000r\000u\000c\000t\000u\000r\000e\000s}{chapter.2}% 3
\BOOKMARK [0][-]{chapter.3}{\376\377\0003\000\040\000F\000i\000l\000e\000\040\000I\000n\000d\000e\000x}{}% 4
\BOOKMARK [1][-]{section.3.1}{\376\377\0003\000.\0001\000\040\000F\000i\000l\000e\000\040\000L\000i\000s\000t}{chapter.3}% 5
\BOOKMARK [0][-]{chapter.4}{\376\377\0004\000\040\000D\000a\000t\000a\000\040\000S\000t\000r\000u\000c\000t\000u\000r\000e\000\040\000D\000o\000c\000u\000m\000e\000n\000t\000a\000t\000i\000o\000n}{}% 6
\BOOKMARK [1][-]{section.4.1}{\376\377\0004\000.\0001\000\040\000A\000M\000S\000G\000\040\000S\000t\000r\000u\000c\000t\000\040\000R\000e\000f\000e\000r\000e\000n\000c\000e}{chapter.4}% 7
\BOOKMARK [1][-]{section.4.2}{\376\377\0004\000.\0002\000\040\000D\000U\000I\000n\000f\000o\000\040\000S\000t\000r\000u\000c\000t\000\040\000R\000e\000f\000e\000r\000e\000n\000c\000e}{chapter.4}% 8
\BOOKMARK [1][-]{section.4.3}{\376\377\0004\000.\0003\000\040\000E\000V\000H\000D\000R\000\040\000S\000t\000r\000u\000c\000t\000\040\000R\000e\000f\000e\000r\000e\000n\000c\000e}{chapter.4}% 9
\BOOKMARK [1][-]{section.4.4}{\376\377\0004\000.\0004\000\040\000F\000I\000L\000E\000H\000D\000R\000\040\000S\000t\000r\000u\000c\000t\000\040\000R\000e\000f\000e\000r\000e\000n\000c\000e}{chapter.4}% 10
\BOOKMARK [1][-]{section.4.5}{\376\377\0004\000.\0005\000\040\000G\000P\000S\000\137\000D\000A\000T\000A\000\040\000S\000t\000r\000u\000c\000t\000\040\000R\000e\000f\000e\000r\000e\000n\000c\000e}{chapter.4}% 11
\BOOKMARK [1][-]{section.4.6}{\376\377\0004\000.\0006\000\040\000s\000h\000m\000\137\000s\000t\000r\000u\000c\000t\000\040\000S\000t\000r\000u\000c\000t\000\040\000R\000e\000f\000e\000r\000e\000n\000c\000e}{chapter.4}% 12
\BOOKMARK [2][-]{subsection.4.6.1}{\376\377\0004\000.\0006\000.\0001\000\040\000F\000i\000e\000l\000d\000\040\000D\000o\000c\000u\000m\000e\000n\000t\000a\000t\000i\000o\000n}{section.4.6}% 13
\BOOKMARK [3][-]{subsubsection.4.6.1.1}{\376\377\0004\000.\0006\000.\0001\000.\0001\000\040\000b\000u\000f}{subsection.4.6.1}% 14
\BOOKMARK [3][-]{subsubsection.4.6.1.2}{\376\377\0004\000.\0006\000.\0001\000.\0002\000\040\000n\000b\000u\000f}{subsection.4.6.1}% 15
\BOOKMARK [3][-]{subsubsection.4.6.1.3}{\376\377\0004\000.\0006\000.\0001\000.\0003\000\040\000n\000e\000x\000t\000\137\000r\000e\000a\000d}{subsection.4.6.1}% 16
\BOOKMARK [3][-]{subsubsection.4.6.1.4}{\376\377\0004\000.\0006\000.\0001\000.\0004\000\040\000n\000e\000x\000t\000\137\000r\000e\000a\000d\000b}{subsection.4.6.1}% 17
\BOOKMARK [3][-]{subsubsection.4.6.1.5}{\376\377\0004\000.\0006\000.\0001\000.\0005\000\040\000n\000e\000x\000t\000\137\000w\000r\000i\000t\000e}{subsection.4.6.1}% 18
\BOOKMARK [3][-]{subsubsection.4.6.1.6}{\376\377\0004\000.\0006\000.\0001\000.\0006\000\040\000s\000h\000m\000i\000d}{subsection.4.6.1}% 19
\BOOKMARK [3][-]{subsubsection.4.6.1.7}{\376\377\0004\000.\0006\000.\0001\000.\0007\000\040\000s\000i\000z\000e}{subsection.4.6.1}% 20
\BOOKMARK [3][-]{subsubsection.4.6.1.8}{\376\377\0004\000.\0006\000.\0001\000.\0008\000\040\000U\000b\000u\000f}{subsection.4.6.1}% 21
\BOOKMARK [1][-]{section.4.7}{\376\377\0004\000.\0007\000\040\000T\0002\000e\000v\000t\000s\000\040\000S\000t\000r\000u\000c\000t\000\040\000R\000e\000f\000e\000r\000e\000n\000c\000e}{chapter.4}% 22
\BOOKMARK [1][-]{section.4.8}{\376\377\0004\000.\0008\000\040\000T\0003\000B\000O\000D\000Y\000\040\000S\000t\000r\000u\000c\000t\000\040\000R\000e\000f\000e\000r\000e\000n\000c\000e}{chapter.4}% 23
\BOOKMARK [1][-]{section.4.9}{\376\377\0004\000.\0009\000\040\000T\0003\000S\000T\000A\000T\000I\000O\000N\000\040\000S\000t\000r\000u\000c\000t\000\040\000R\000e\000f\000e\000r\000e\000n\000c\000e}{chapter.4}% 24
\BOOKMARK [1][-]{section.4.10}{\376\377\0004\000.\0001\0000\000\040\000T\000S\000\137\000D\000A\000T\000A\000\040\000S\000t\000r\000u\000c\000t\000\040\000R\000e\000f\000e\000r\000e\000n\000c\000e}{chapter.4}% 25
\BOOKMARK [0][-]{chapter.5}{\376\377\0005\000\040\000F\000i\000l\000e\000\040\000D\000o\000c\000u\000m\000e\000n\000t\000a\000t\000i\000o\000n}{}% 26
\BOOKMARK [1][-]{section.5.1}{\376\377\0005\000.\0001\000\040\000/\000U\000s\000e\000r\000s\000/\000t\000i\000m\000m\000e\000r\000/\000L\000i\000b\000r\000a\000r\000y\000/\000M\000o\000b\000i\000l\000e\000\040\000D\000o\000c\000u\000m\000e\000n\000t\000s\000/\000c\000o\000m\000~\000a\000p\000p\000l\000e\000~\000C\000l\000o\000u\000d\000D\000o\000c\000s\000/\000C\000l\000o\000u\000d\000W\000o\000r\000k\000/\000G\000R\000A\000N\000D\000/\000g\000r\000a\000n\000d\000-\000d\000a\000q\000-\000m\000a\000s\000t\000e\000r\000/\000A\000d\000a\000q\000/\000A\000d\000a\000q\000.\000c\000\040\000F\000i\000l\000e\000\040\000R\000e\000f\000e\000r\000e\000n\000c\000e}{chapter.5}% 27
\BOOKMARK [2][-]{subsection.5.1.1}{\376\377\0005\000.\0001\000.\0001\000\040\000D\000e\000t\000a\000i\000l\000e\000d\000\040\000D\000e\000s\000c\000r\000i\000p\000t\000i\000o\000n}{section.5.1}% 28
\BOOKMARK [2][-]{subsection.5.1.2}{\376\377\0005\000.\0001\000.\0002\000\040\000F\000u\000n\000c\000t\000i\000o\000n\000\040\000D\000o\000c\000u\000m\000e\000n\000t\000a\000t\000i\000o\000n}{section.5.1}% 29
\BOOKMARK [3][-]{subsubsection.5.1.2.1}{\376\377\0005\000.\0001\000.\0002\000.\0001\000\040\000a\000d\000\137\000c\000h\000e\000c\000k\000\137\000p\000r\000o\000c\000e\000s\000s\000e\000s\000\050\000\051}{subsection.5.1.2}% 30
\BOOKMARK [3][-]{subsubsection.5.1.2.2}{\376\377\0005\000.\0001\000.\0002\000.\0002\000\040\000a\000d\000\137\000i\000n\000i\000t\000\137\000p\000a\000r\000a\000m\000\050\000\051}{subsection.5.1.2}% 31
\BOOKMARK [3][-]{subsubsection.5.1.2.3}{\376\377\0005\000.\0001\000.\0002\000.\0003\000\040\000a\000d\000\137\000i\000n\000i\000t\000i\000a\000l\000i\000z\000e\000\050\000\051}{subsection.5.1.2}% 32
\BOOKMARK [3][-]{subsubsection.5.1.2.4}{\376\377\0005\000.\0001\000.\0002\000.\0004\000\040\000a\000d\000\137\000s\000p\000a\000w\000n\000\137\000d\000u\000\050\000\051}{subsection.5.1.2}% 33
\BOOKMARK [3][-]{subsubsection.5.1.2.5}{\376\377\0005\000.\0001\000.\0002\000.\0005\000\040\000a\000d\000\137\000s\000p\000a\000w\000n\000\137\000e\000b\000\050\000\051}{subsection.5.1.2}% 34
\BOOKMARK [3][-]{subsubsection.5.1.2.6}{\376\377\0005\000.\0001\000.\0002\000.\0006\000\040\000a\000d\000\137\000s\000p\000a\000w\000n\000\137\000g\000u\000i\000\050\000\051}{subsection.5.1.2}% 35
\BOOKMARK [3][-]{subsubsection.5.1.2.7}{\376\377\0005\000.\0001\000.\0002\000.\0007\000\040\000a\000d\000\137\000s\000p\000a\000w\000n\000\137\000t\0003\000\050\000\051}{subsection.5.1.2}% 36
\BOOKMARK [3][-]{subsubsection.5.1.2.8}{\376\377\0005\000.\0001\000.\0002\000.\0008\000\040\000a\000d\000\137\000s\000p\000a\000w\000n\000\137\000u\000i\000\050\000\051}{subsection.5.1.2}% 37
\BOOKMARK [3][-]{subsubsection.5.1.2.9}{\376\377\0005\000.\0001\000.\0002\000.\0009\000\040\000c\000l\000e\000a\000n\000\137\000s\000t\000o\000p\000\050\000\051}{subsection.5.1.2}% 38
\BOOKMARK [3][-]{subsubsection.5.1.2.10}{\376\377\0005\000.\0001\000.\0002\000.\0001\0000\000\040\000d\000u\000\137\000m\000a\000i\000n\000\050\000\051}{subsection.5.1.2}% 39
\BOOKMARK [3][-]{subsubsection.5.1.2.11}{\376\377\0005\000.\0001\000.\0002\000.\0001\0001\000\040\000e\000b\000\137\000m\000a\000i\000n\000\050\000\051}{subsection.5.1.2}% 40
\BOOKMARK [3][-]{subsubsection.5.1.2.12}{\376\377\0005\000.\0001\000.\0002\000.\0001\0002\000\040\000g\000u\000i\000\137\000m\000a\000i\000n\000\050\000\051}{subsection.5.1.2}% 41
\BOOKMARK [3][-]{subsubsection.5.1.2.13}{\376\377\0005\000.\0001\000.\0002\000.\0001\0003\000\040\000m\000a\000i\000n\000\050\000\051}{subsection.5.1.2}% 42
\BOOKMARK [3][-]{subsubsection.5.1.2.14}{\376\377\0005\000.\0001\000.\0002\000.\0001\0004\000\040\000r\000e\000m\000o\000v\000e\000\137\000s\000h\000a\000r\000e\000d\000\137\000m\000e\000m\000o\000r\000y\000\050\000\051}{subsection.5.1.2}% 43
\BOOKMARK [3][-]{subsubsection.5.1.2.15}{\376\377\0005\000.\0001\000.\0002\000.\0001\0005\000\040\000t\0003\000\137\000m\000a\000i\000n\000\050\000\051}{subsection.5.1.2}% 44
\BOOKMARK [3][-]{subsubsection.5.1.2.16}{\376\377\0005\000.\0001\000.\0002\000.\0001\0006\000\040\000u\000i\000\137\000m\000a\000i\000n\000\050\000\051}{subsection.5.1.2}% 45
\BOOKMARK [1][-]{section.5.2}{\376\377\0005\000.\0002\000\040\000A\000d\000a\000q\000.\000h}{chapter.5}% 46
\BOOKMARK [1][-]{section.5.3}{\376\377\0005\000.\0003\000\040\000/\000U\000s\000e\000r\000s\000/\000t\000i\000m\000m\000e\000r\000/\000L\000i\000b\000r\000a\000r\000y\000/\000M\000o\000b\000i\000l\000e\000\040\000D\000o\000c\000u\000m\000e\000n\000t\000s\000/\000c\000o\000m\000~\000a\000p\000p\000l\000e\000~\000C\000l\000o\000u\000d\000D\000o\000c\000s\000/\000C\000l\000o\000u\000d\000W\000o\000r\000k\000/\000G\000R\000A\000N\000D\000/\000g\000r\000a\000n\000d\000-\000d\000a\000q\000-\000m\000a\000s\000t\000e\000r\000/\000A\000d\000a\000q\000/\000d\000u\000.\000c\000\040\000F\000i\000l\000e\000\040\000R\000e\000f\000e\000r\000e\000n\000c\000e}{chapter.5}% 47
\BOOKMARK [2][-]{subsection.5.3.1}{\376\377\0005\000.\0003\000.\0001\000\040\000D\000e\000t\000a\000i\000l\000e\000d\000\040\000D\000e\000s\000c\000r\000i\000p\000t\000i\000o\000n}{section.5.3}% 48
\BOOKMARK [2][-]{subsection.5.3.2}{\376\377\0005\000.\0003\000.\0002\000\040\000F\000u\000n\000c\000t\000i\000o\000n\000\040\000D\000o\000c\000u\000m\000e\000n\000t\000a\000t\000i\000o\000n}{section.5.3}% 49
\BOOKMARK [3][-]{subsubsection.5.3.2.1}{\376\377\0005\000.\0003\000.\0002\000.\0001\000\040\000d\000u\000\137\000c\000o\000n\000n\000e\000c\000t\000\050\000\051}{subsection.5.3.2}% 50
\BOOKMARK [3][-]{subsubsection.5.3.2.2}{\376\377\0005\000.\0003\000.\0002\000.\0002\000\040\000d\000u\000\137\000i\000n\000i\000t\000\137\000a\000n\000d\000\137\000r\000u\000n\000\050\000\051}{subsection.5.3.2}% 51
\BOOKMARK [3][-]{subsubsection.5.3.2.3}{\376\377\0005\000.\0003\000.\0002\000.\0003\000\040\000d\000u\000\137\000i\000n\000t\000e\000r\000p\000r\000e\000t\000\050\000\051}{subsection.5.3.2}% 52
\BOOKMARK [3][-]{subsubsection.5.3.2.4}{\376\377\0005\000.\0003\000.\0002\000.\0004\000\040\000d\000u\000\137\000m\000a\000i\000n\000\050\000\051}{subsection.5.3.2}% 53
\BOOKMARK [3][-]{subsubsection.5.3.2.5}{\376\377\0005\000.\0003\000.\0002\000.\0005\000\040\000d\000u\000\137\000r\000e\000a\000d\000\050\000\051}{subsection.5.3.2}% 54
\BOOKMARK [3][-]{subsubsection.5.3.2.6}{\376\377\0005\000.\0003\000.\0002\000.\0006\000\040\000d\000u\000\137\000r\000e\000a\000d\000\137\000i\000n\000i\000t\000f\000i\000l\000e\000\050\000\051}{subsection.5.3.2}% 55
\BOOKMARK [3][-]{subsubsection.5.3.2.7}{\376\377\0005\000.\0003\000.\0002\000.\0007\000\040\000d\000u\000\137\000s\000e\000n\000d\000\050\000\051}{subsection.5.3.2}% 56
\BOOKMARK [3][-]{subsubsection.5.3.2.8}{\376\377\0005\000.\0003\000.\0002\000.\0008\000\040\000d\000u\000\137\000w\000r\000i\000t\000e\000\050\000\051}{subsection.5.3.2}% 57
\BOOKMARK [3][-]{subsubsection.5.3.2.9}{\376\377\0005\000.\0003\000.\0002\000.\0009\000\040\000s\000e\000t\000\137\000s\000o\000c\000k\000e\000t\000o\000p\000t\000i\000o\000n\000s\000\050\000\051}{subsection.5.3.2}% 58
\BOOKMARK [1][-]{section.5.4}{\376\377\0005\000.\0004\000\040\000e\000b\000.\000h}{chapter.5}% 59
\BOOKMARK [1][-]{section.5.5}{\376\377\0005\000.\0005\000\040\000a\000d\000\137\000s\000h\000m\000.\000h}{chapter.5}% 60
\BOOKMARK [1][-]{section.5.6}{\376\377\0005\000.\0006\000\040\000a\000d\000\137\000s\000h\000m\000.\000h}{chapter.5}% 61
\BOOKMARK [1][-]{section.5.7}{\376\377\0005\000.\0007\000\040\000/\000U\000s\000e\000r\000s\000/\000t\000i\000m\000m\000e\000r\000/\000L\000i\000b\000r\000a\000r\000y\000/\000M\000o\000b\000i\000l\000e\000\040\000D\000o\000c\000u\000m\000e\000n\000t\000s\000/\000c\000o\000m\000~\000a\000p\000p\000l\000e\000~\000C\000l\000o\000u\000d\000D\000o\000c\000s\000/\000C\000l\000o\000u\000d\000W\000o\000r\000k\000/\000G\000R\000A\000N\000D\000/\000g\000r\000a\000n\000d\000-\000d\000a\000q\000-\000m\000a\000s\000t\000e\000r\000/\000d\000u\000d\000a\000q\000/\000f\000i\000l\000e\000s\000/\000a\000m\000s\000g\000.\000h\000\040\000F\000i\000l\000e\000\040\000R\000e\000f\000e\000r\000e\000n\000c\000e}{chapter.5}% 62
\BOOKMARK [2][-]{subsection.5.7.1}{\376\377\0005\000.\0007\000.\0001\000\040\000D\000e\000t\000a\000i\000l\000e\000d\000\040\000D\000e\000s\000c\000r\000i\000p\000t\000i\000o\000n}{section.5.7}% 63
\BOOKMARK [1][-]{section.5.8}{\376\377\0005\000.\0008\000\040\000a\000m\000s\000g\000.\000h}{chapter.5}% 64
\BOOKMARK [1][-]{section.5.9}{\376\377\0005\000.\0009\000\040\000/\000U\000s\000e\000r\000s\000/\000t\000i\000m\000m\000e\000r\000/\000L\000i\000b\000r\000a\000r\000y\000/\000M\000o\000b\000i\000l\000e\000\040\000D\000o\000c\000u\000m\000e\000n\000t\000s\000/\000c\000o\000m\000~\000a\000p\000p\000l\000e\000~\000C\000l\000o\000u\000d\000D\000o\000c\000s\000/\000C\000l\000o\000u\000d\000W\000o\000r\000k\000/\000G\000R\000A\000N\000D\000/\000g\000r\000a\000n\000d\000-\000d\000a\000q\000-\000m\000a\000s\000t\000e\000r\000/\000d\000u\000d\000a\000q\000/\000f\000i\000l\000e\000s\000/\000d\000u\000d\000a\000q\000.\000c\000\040\000F\000i\000l\000e\000\040\000R\000e\000f\000e\000r\000e\000n\000c\000e}{chapter.5}% 65
\BOOKMARK [2][-]{subsection.5.9.1}{\376\377\0005\000.\0009\000.\0001\000\040\000D\000e\000t\000a\000i\000l\000e\000d\000\040\000D\000e\000s\000c\000r\000i\000p\000t\000i\000o\000n}{section.5.9}% 66
\BOOKMARK [2][-]{subsection.5.9.2}{\376\377\0005\000.\0009\000.\0002\000\040\000F\000u\000n\000c\000t\000i\000o\000n\000\040\000D\000o\000c\000u\000m\000e\000n\000t\000a\000t\000i\000o\000n}{section.5.9}% 67
\BOOKMARK [3][-]{subsubsection.5.9.2.1}{\376\377\0005\000.\0009\000.\0002\000.\0001\000\040\000b\000l\000o\000c\000k\000\137\000s\000i\000g\000n\000a\000l\000s\000\050\000\051}{subsection.5.9.2}% 68
\BOOKMARK [3][-]{subsubsection.5.9.2.2}{\376\377\0005\000.\0009\000.\0002\000.\0002\000\040\000c\000h\000e\000c\000k\000\137\000s\000e\000r\000v\000e\000r\000\137\000d\000a\000t\000a\000\050\000\051}{subsection.5.9.2}% 69
\BOOKMARK [3][-]{subsubsection.5.9.2.3}{\376\377\0005\000.\0009\000.\0002\000.\0003\000\040\000d\000u\000\137\000g\000e\000t\000\137\000s\000t\000a\000t\000i\000o\000n\000\137\000i\000d\000\050\000\051}{subsection.5.9.2}% 70
\BOOKMARK [3][-]{subsubsection.5.9.2.4}{\376\377\0005\000.\0009\000.\0002\000.\0004\000\040\000d\000u\000\137\000s\000c\000o\000p\000e\000\137\000c\000h\000e\000c\000k\000\137\000c\000o\000m\000m\000a\000n\000d\000s\000\050\000\051}{subsection.5.9.2}% 71
\BOOKMARK [3][-]{subsubsection.5.9.2.5}{\376\377\0005\000.\0009\000.\0002\000.\0005\000\040\000d\000u\000\137\000s\000c\000o\000p\000e\000\137\000m\000a\000i\000n\000\050\000\051}{subsection.5.9.2}% 72
\BOOKMARK [3][-]{subsubsection.5.9.2.6}{\376\377\0005\000.\0009\000.\0002\000.\0006\000\040\000d\000u\000\137\000s\000o\000c\000k\000e\000t\000\137\000m\000a\000i\000n\000\050\000\051}{subsection.5.9.2}% 73
\BOOKMARK [3][-]{subsubsection.5.9.2.7}{\376\377\0005\000.\0009\000.\0002\000.\0007\000\040\000m\000a\000k\000e\000\137\000s\000e\000r\000v\000e\000r\000\137\000c\000o\000n\000n\000e\000c\000t\000i\000o\000n\000\050\000\051}{subsection.5.9.2}% 74
\BOOKMARK [3][-]{subsubsection.5.9.2.8}{\376\377\0005\000.\0009\000.\0002\000.\0008\000\040\000s\000e\000n\000d\000\137\000s\000e\000r\000v\000e\000r\000\137\000d\000a\000t\000a\000\050\000\051}{subsection.5.9.2}% 75
\BOOKMARK [3][-]{subsubsection.5.9.2.9}{\376\377\0005\000.\0009\000.\0002\000.\0009\000\040\000s\000o\000c\000k\000e\000t\000\137\000s\000e\000n\000d\000\050\000\051}{subsection.5.9.2}% 76
\BOOKMARK [1][-]{section.5.10}{\376\377\0005\000.\0001\0000\000\040\000d\000u\000d\000a\000q\000.\000h}{chapter.5}% 77
\BOOKMARK [1][-]{section.5.11}{\376\377\0005\000.\0001\0001\000\040\000/\000U\000s\000e\000r\000s\000/\000t\000i\000m\000m\000e\000r\000/\000L\000i\000b\000r\000a\000r\000y\000/\000M\000o\000b\000i\000l\000e\000\040\000D\000o\000c\000u\000m\000e\000n\000t\000s\000/\000c\000o\000m\000~\000a\000p\000p\000l\000e\000~\000C\000l\000o\000u\000d\000D\000o\000c\000s\000/\000C\000l\000o\000u\000d\000W\000o\000r\000k\000/\000G\000R\000A\000N\000D\000/\000g\000r\000a\000n\000d\000-\000d\000a\000q\000-\000m\000a\000s\000t\000e\000r\000/\000d\000u\000d\000a\000q\000/\000f\000i\000l\000e\000s\000/\000s\000c\000o\000p\000e\000.\000c\000\040\000F\000i\000l\000e\000\040\000R\000e\000f\000e\000r\000e\000n\000c\000e}{chapter.5}% 78
\BOOKMARK [2][-]{subsection.5.11.1}{\376\377\0005\000.\0001\0001\000.\0001\000\040\000D\000e\000t\000a\000i\000l\000e\000d\000\040\000D\000e\000s\000c\000r\000i\000p\000t\000i\000o\000n}{section.5.11}% 79
\BOOKMARK [2][-]{subsection.5.11.2}{\376\377\0005\000.\0001\0001\000.\0002\000\040\000F\000u\000n\000c\000t\000i\000o\000n\000\040\000D\000o\000c\000u\000m\000e\000n\000t\000a\000t\000i\000o\000n}{section.5.11}% 80
\BOOKMARK [3][-]{subsubsection.5.11.2.1}{\376\377\0005\000.\0001\0001\000.\0002\000.\0001\000\040\000s\000c\000o\000p\000e\000\137\000r\000e\000a\000d\000\137\000e\000v\000e\000n\000t\000\050\000\051}{subsection.5.11.2}% 81
\BOOKMARK [1][-]{section.5.12}{\376\377\0005\000.\0001\0002\000\040\000/\000U\000s\000e\000r\000s\000/\000t\000i\000m\000m\000e\000r\000/\000L\000i\000b\000r\000a\000r\000y\000/\000M\000o\000b\000i\000l\000e\000\040\000D\000o\000c\000u\000m\000e\000n\000t\000s\000/\000c\000o\000m\000~\000a\000p\000p\000l\000e\000~\000C\000l\000o\000u\000d\000D\000o\000c\000s\000/\000C\000l\000o\000u\000d\000W\000o\000r\000k\000/\000G\000R\000A\000N\000D\000/\000g\000r\000a\000n\000d\000-\000d\000a\000q\000-\000m\000a\000s\000t\000e\000r\000/\000d\000u\000d\000a\000q\000/\000f\000i\000l\000e\000s\000/\000s\000c\000o\000p\000e\000.\000h\000\040\000F\000i\000l\000e\000\040\000R\000e\000f\000e\000r\000e\000n\000c\000e}{chapter.5}% 82
\BOOKMARK [2][-]{subsection.5.12.1}{\376\377\0005\000.\0001\0002\000.\0001\000\040\000D\000e\000t\000a\000i\000l\000e\000d\000\040\000D\000e\000s\000c\000r\000i\000p\000t\000i\000o\000n}{section.5.12}% 83
\BOOKMARK [2][-]{subsection.5.12.2}{\376\377\0005\000.\0001\0002\000.\0002\000\040\000F\000u\000n\000c\000t\000i\000o\000n\000\040\000D\000o\000c\000u\000m\000e\000n\000t\000a\000t\000i\000o\000n}{section.5.12}% 84
\BOOKMARK [3][-]{subsubsection.5.12.2.1}{\376\377\0005\000.\0001\0002\000.\0002\000.\0001\000\040\000s\000c\000o\000p\000e\000\137\000r\000e\000a\000d\000\137\000e\000v\000e\000n\000t\000\050\000\051}{subsection.5.12.2}% 85
\BOOKMARK [1][-]{section.5.13}{\376\377\0005\000.\0001\0003\000\040\000s\000c\000o\000p\000e\000.\000h}{chapter.5}% 86
\BOOKMARK [1][-]{section.5.14}{\376\377\0005\000.\0001\0004\000\040\000T\000r\000a\000c\000e\000s\000.\000h}{chapter.5}% 87
\BOOKMARK [0][-]{section*.26}{\376\377\000I\000n\000d\000e\000x}{}% 88
